#
# A fatal error has been detected by the Java Runtime Environment:
#
#  EXCEPTION_ACCESS_VIOLATION (0xc0000005) at pc=0x00000000654732a6, pid=5220, tid=0x0000000000001794
#
# JRE version: OpenJDK Runtime Environment (8.0_242-b01) (build 1.8.0_242-release-1644-b01)
# Java VM: OpenJDK 64-Bit Server VM (25.242-b01 mixed mode windows-amd64 compressed oops)
# Problematic frame:
# V  [jvm.dll+0x32a6]
#
# Failed to write core dump. Minidumps are not enabled by default on client versions of Windows
#
# If you would like to submit a bug report, please visit:
#   
#

---------------  T H R E A D  ---------------

Current thread (0x0000000019d1a000):  JavaThread "C2 CompilerThread1" daemon [_thread_in_vm, id=6036, stack(0x000000001b480000,0x000000001b580000)]

siginfo: ExceptionCode=0xc0000005, reading address 0xffffffff80000001

Registers:
RAX=0xffffffffffffffff, RBX=0xffffffff80000001, RCX=0x000000001ffe5f70, RDX=0x0000000000000016
RSP=0x000000001b57db40, RBP=0x000000001b57dbf9, RSI=0x0000000000000000, RDI=0x0000000000000016
R8 =0x0000000000000000, R9 =0x0000000025c2ff80, R10=0x0000000000000000, R11=0x0000000025c29e10
R12=0x000000001b57dd20, R13=0x000000000000f000, R14=0x0000000000000000, R15=0x000000001b57f330
RIP=0x00000000654732a6, EFLAGS=0x0000000000010293

Top of Stack: (sp=0x000000001b57db40)
0x000000001b57db40:   000000001b57f330 00000000032b0d50
0x000000001b57db50:   0000000000000000 0000000000000000
0x000000001b57db60:   0000000200000001 0000000000000000
0x000000001b57db70:   000000000000000f 0000000025c2ff80
0x000000001b57db80:   0000000000000000 0000000025c29e10
0x000000001b57db90:   0000000025c29e10 0000000000000000
0x000000001b57dba0:   00000000050e5fa9 000000000000000d
0x000000001b57dbb0:   0000000025c29e04 0000000000010000
0x000000001b57dbc0:   00000000050e6080 00000000050e5020
0x000000001b57dbd0:   00000000050e5f40 00000000050e6080
0x000000001b57dbe0:   00000000050e5901 00000000050e5fae
0x000000001b57dbf0:   0000000065a1fed8 000000001b57db80
0x000000001b57dc00:   0000000000000000 0000000000000000
0x000000001b57dc10:   0000000000000000 0000000000000000
0x000000001b57dc20:   0000000025731dd0 0000000019d1bc10
0x000000001b57dc30:   0000000019d1a000 000000001b57f4d8 

Instructions: (pc=0x00000000654732a6)
0x0000000065473286:   d7 e8 74 71 07 00 48 8b d8 48 85 c0 0f 84 ce 00
0x0000000065473296:   00 00 e8 e3 99 0c 00 48 3b d8 0f 84 c0 00 00 00
0x00000000654732a6:   48 8b 13 48 8b cb ff 52 18 84 c0 74 04 48 8b 5b
0x00000000654732b6:   08 48 8b 03 48 8b cb ff 50 10 84 c0 74 0c 48 8b 


Register to memory mapping:

RAX=0xffffffffffffffff is an unknown value
RBX=0xffffffff80000001 is an unknown value
RCX=0x000000001ffe5f70 is an unknown value
RDX=0x0000000000000016 is an unknown value
RSP=0x000000001b57db40 is pointing into the stack for thread: 0x0000000019d1a000
RBP=0x000000001b57dbf9 is pointing into the stack for thread: 0x0000000019d1a000
RSI=0x0000000000000000 is an unknown value
RDI=0x0000000000000016 is an unknown value
R8 =0x0000000000000000 is an unknown value
R9 =0x0000000025c2ff80 is an unknown value
R10=0x0000000000000000 is an unknown value
R11=0x0000000025c29e10 is an unknown value
R12=0x000000001b57dd20 is pointing into the stack for thread: 0x0000000019d1a000
R13=0x000000000000f000 is an unknown value
R14=0x0000000000000000 is an unknown value
R15=0x000000001b57f330 is pointing into the stack for thread: 0x0000000019d1a000


Stack: [0x000000001b480000,0x000000001b580000],  sp=0x000000001b57db40,  free space=1014k
Native frames: (J=compiled Java code, j=interpreted, Vv=VM code, C=native code)
V  [jvm.dll+0x32a6]
V  [jvm.dll+0x7a095]
V  [jvm.dll+0xc6fe]
V  [jvm.dll+0x44809b]
V  [jvm.dll+0x42b072]
V  [jvm.dll+0x8230f]
V  [jvm.dll+0x82c7f]
V  [jvm.dll+0x220b7f]
V  [jvm.dll+0x27276a]
C  [msvcr100.dll+0x21d9f]
C  [msvcr100.dll+0x21e3b]
C  [KERNEL32.DLL+0x16fd4]
C  [ntdll.dll+0x4cec1]


Current CompileTask:
C2:  14477 10500   !   4       com.google.common.cache.LocalCache$Segment::runLockedCleanup (39 bytes)


---------------  P R O C E S S  ---------------

Java Threads: ( => current thread )
  0x0000000023725800 JavaThread "Cache worker for execution history cache (D:\Documentos\Programacion\Android\Portfolio\ServNetworkApp\ServNeworkApp\.gradle\6.1.1\executionHistory)" [_thread_blocked, id=9516, stack(0x000000002a880000,0x000000002a980000)]
  0x0000000023724800 JavaThread "Execution worker for ':' Thread 11" [_thread_blocked, id=7164, stack(0x000000002a780000,0x000000002a880000)]
  0x000000002371d000 JavaThread "Execution worker for ':' Thread 10" [_thread_blocked, id=1168, stack(0x000000002a680000,0x000000002a780000)]
  0x0000000023723000 JavaThread "Execution worker for ':' Thread 9" [_thread_blocked, id=12268, stack(0x000000002a580000,0x000000002a680000)]
  0x0000000023722800 JavaThread "Execution worker for ':' Thread 8" [_thread_blocked, id=3076, stack(0x000000002a480000,0x000000002a580000)]
  0x0000000023724000 JavaThread "Execution worker for ':' Thread 7" [_thread_blocked, id=10480, stack(0x000000002a380000,0x000000002a480000)]
  0x0000000023721800 JavaThread "Execution worker for ':' Thread 6" [_thread_blocked, id=2596, stack(0x000000002a280000,0x000000002a380000)]
  0x000000002371e000 JavaThread "Execution worker for ':' Thread 5" [_thread_blocked, id=5616, stack(0x000000002a180000,0x000000002a280000)]
  0x000000002371c800 JavaThread "Execution worker for ':' Thread 4" [_thread_blocked, id=10420, stack(0x000000002a080000,0x000000002a180000)]
  0x0000000023721000 JavaThread "Execution worker for ':' Thread 3" [_thread_blocked, id=9488, stack(0x0000000029f80000,0x000000002a080000)]
  0x0000000023720000 JavaThread "Execution worker for ':' Thread 2" [_thread_blocked, id=11532, stack(0x0000000029e80000,0x0000000029f80000)]
  0x000000001d687800 JavaThread "Execution worker for ':'" [_thread_blocked, id=11748, stack(0x0000000029d80000,0x0000000029e80000)]
  0x000000001d68a000 JavaThread "Cache worker for file content cache (D:\Documentos\Programacion\Android\Portfolio\ServNetworkApp\ServNeworkApp\.gradle\6.1.1\fileContent)" [_thread_blocked, id=7800, stack(0x0000000029c80000,0x0000000029d80000)]
  0x000000001d68c000 JavaThread "Cache worker for file content cache (C:\Users\Facundo\.gradle\caches\6.1.1\fileContent)" [_thread_blocked, id=12060, stack(0x0000000029980000,0x0000000029a80000)]
  0x000000001d687000 JavaThread "Memory manager" [_thread_blocked, id=6872, stack(0x0000000027c70000,0x0000000027d70000)]
  0x000000001de7c000 JavaThread "Cache worker for Build Output Cleanup Cache (D:\Documentos\Programacion\Android\Portfolio\ServNetworkApp\ServNeworkApp\.gradle\buildOutputCleanup)" [_thread_blocked, id=4548, stack(0x0000000027b70000,0x0000000027c70000)]
  0x000000001de7b800 JavaThread "Build operations Thread 12" [_thread_blocked, id=10248, stack(0x0000000026590000,0x0000000026690000)]
  0x000000001de7e800 JavaThread "Build operations Thread 11" [_thread_blocked, id=8676, stack(0x0000000026490000,0x0000000026590000)]
  0x000000001de7a800 JavaThread "Build operations Thread 10" [_thread_blocked, id=8444, stack(0x0000000024dc0000,0x0000000024ec0000)]
  0x000000001de7d000 JavaThread "Build operations Thread 9" [_thread_blocked, id=11368, stack(0x0000000024cc0000,0x0000000024dc0000)]
  0x000000001de73000 JavaThread "Build operations Thread 8" [_thread_blocked, id=12132, stack(0x0000000024ac0000,0x0000000024bc0000)]
  0x000000001de7a000 JavaThread "Build operations Thread 7" [_thread_blocked, id=11412, stack(0x00000000249c0000,0x0000000024ac0000)]
  0x000000001de72800 JavaThread "Build operations Thread 6" [_thread_blocked, id=1240, stack(0x00000000248c0000,0x00000000249c0000)]
  0x000000001de79000 JavaThread "Build operations Thread 5" [_thread_blocked, id=11420, stack(0x00000000247c0000,0x00000000248c0000)]
  0x000000001de77000 JavaThread "Build operations Thread 4" [_thread_blocked, id=11820, stack(0x00000000246c0000,0x00000000247c0000)]
  0x000000001de74000 JavaThread "Build operations Thread 3" [_thread_blocked, id=4640, stack(0x00000000245c0000,0x00000000246c0000)]
  0x000000001de71800 JavaThread "Build operations Thread 2" [_thread_blocked, id=9324, stack(0x00000000244c0000,0x00000000245c0000)]
  0x000000001de75800 JavaThread "Build operations" [_thread_blocked, id=6732, stack(0x00000000243c0000,0x00000000244c0000)]
  0x000000001de78800 JavaThread "Cache worker for cache directory md-rule (C:\Users\Facundo\.gradle\caches\6.1.1\md-rule)" [_thread_blocked, id=5248, stack(0x00000000242c0000,0x00000000243c0000)]
  0x000000001de76000 JavaThread "Cache worker for cache directory md-supplier (C:\Users\Facundo\.gradle\caches\6.1.1\md-supplier)" [_thread_blocked, id=172, stack(0x00000000241c0000,0x00000000242c0000)]
  0x000000001de71000 JavaThread "Cache worker for file hash cache (D:\Documentos\Programacion\Android\Portfolio\ServNetworkApp\ServNeworkApp\.gradle\6.1.1\fileHashes)" [_thread_blocked, id=10268, stack(0x00000000221f0000,0x00000000222f0000)]
  0x000000001de77800 JavaThread "Cache worker for checksums cache (D:\Documentos\Programacion\Android\Portfolio\ServNetworkApp\ServNeworkApp\.gradle\checksums)" [_thread_blocked, id=8256, stack(0x0000000021cf0000,0x0000000021df0000)]
  0x00000000214b0800 JavaThread "Thread-46" [_thread_blocked, id=8948, stack(0x0000000021bf0000,0x0000000021cf0000)]
  0x00000000214af000 JavaThread "Stdin handler" [_thread_blocked, id=9672, stack(0x00000000208a0000,0x00000000209a0000)]
  0x00000000214ae800 JavaThread "Asynchronous log dispatcher for DefaultDaemonConnection: socket connection from /127.0.0.1:51090 to /127.0.0.1:51104" [_thread_blocked, id=6396, stack(0x000000001f2d0000,0x000000001f3d0000)]
  0x00000000214b5000 JavaThread "Cancel handler" [_thread_blocked, id=5500, stack(0x000000001eed0000,0x000000001efd0000)]
  0x00000000214b3800 JavaThread "Handler for socket connection from /127.0.0.1:51090 to /127.0.0.1:51104" [_thread_in_native, id=5280, stack(0x000000001ebd0000,0x000000001ecd0000)]
  0x000000001d688800 JavaThread "Cache worker for execution history cache (C:\Users\Facundo\.gradle\caches\6.1.1\executionHistory)" [_thread_blocked, id=11796, stack(0x00000000222f0000,0x00000000223f0000)]
  0x000000001d686000 JavaThread "Cache worker for file hash cache (C:\Users\Facundo\.gradle\caches\6.1.1\fileHashes)" [_thread_blocked, id=5848, stack(0x000000001f7d0000,0x000000001f8d0000)]
  0x000000001d689000 JavaThread "File lock request listener" [_thread_in_native, id=5552, stack(0x000000001f6d0000,0x000000001f7d0000)]
  0x000000001d8a3800 JavaThread "Cache worker for journal cache (C:\Users\Facundo\.gradle\caches\journal-1)" [_thread_blocked, id=9668, stack(0x000000001f5d0000,0x000000001f6d0000)]
  0x000000001d5ed800 JavaThread "Daemon worker" [_thread_blocked, id=11240, stack(0x000000001efd0000,0x000000001f0d0000)]
  0x000000001d565800 JavaThread "Daemon" [_thread_blocked, id=8880, stack(0x000000001ead0000,0x000000001ebd0000)]
  0x000000001d4c0800 JavaThread "Daemon periodic checks" [_thread_blocked, id=8348, stack(0x000000001e9d0000,0x000000001ead0000)]
  0x000000001d4ab800 JavaThread "Incoming local TCP Connector on port 51090" [_thread_in_native, id=9572, stack(0x000000001e760000,0x000000001e860000)]
  0x000000001d475800 JavaThread "Daemon health stats" [_thread_blocked, id=5908, stack(0x000000001e120000,0x000000001e220000)]
  0x0000000019d9c800 JavaThread "Service Thread" daemon [_thread_blocked, id=5152, stack(0x000000001b780000,0x000000001b880000)]
  0x0000000019d24800 JavaThread "C1 CompilerThread3" daemon [_thread_blocked, id=9072, stack(0x000000001b680000,0x000000001b780000)]
  0x0000000019d23000 JavaThread "C2 CompilerThread2" daemon [_thread_blocked, id=8820, stack(0x000000001b580000,0x000000001b680000)]
=>0x0000000019d1a000 JavaThread "C2 CompilerThread1" daemon [_thread_in_vm, id=6036, stack(0x000000001b480000,0x000000001b580000)]
  0x0000000019d15800 JavaThread "C2 CompilerThread0" daemon [_thread_in_native, id=6260, stack(0x000000001b380000,0x000000001b480000)]
  0x0000000019d10800 JavaThread "Attach Listener" daemon [_thread_blocked, id=11476, stack(0x000000001b280000,0x000000001b380000)]
  0x0000000019d0f000 JavaThread "Signal Dispatcher" daemon [_thread_blocked, id=11456, stack(0x000000001b180000,0x000000001b280000)]
  0x0000000018621800 JavaThread "Finalizer" daemon [_thread_blocked, id=9524, stack(0x000000001af60000,0x000000001b060000)]
  0x0000000019d03000 JavaThread "Reference Handler" daemon [_thread_blocked, id=10172, stack(0x000000001ae60000,0x000000001af60000)]
  0x00000000032ae000 JavaThread "main" [_thread_blocked, id=2716, stack(0x0000000003160000,0x0000000003260000)]

Other Threads:
  0x0000000019ce2800 VMThread [stack: 0x000000001ad60000,0x000000001ae60000] [id=11860]
  0x0000000019da6800 WatcherThread [stack: 0x000000001b880000,0x000000001b980000] [id=8608]

VM state:not at safepoint (normal execution)

VM Mutex/Monitor currently owned by a thread:  ([mutex/lock_event])
[0x00000000032b0d50] Compile_lock - owner thread: 0x0000000019d1a000
[0x00000000032b1f50] MethodCompileQueue_lock - owner thread: 0x0000000019d1a000

heap address: 0x0000000080000000, size: 2048 MB, Compressed Oops mode: 32-bit
Narrow klass base: 0x0000000000000000, Narrow klass shift: 3
Compressed class space size: 1073741824 Address: 0x0000000100000000

Heap:
 PSYoungGen      total 357888K, used 290000K [0x00000000d5580000, 0x00000000f1500000, 0x0000000100000000)
  eden space 332800K, 79% used [0x00000000d5580000,0x00000000e5835978,0x00000000e9a80000)
  from space 25088K, 99% used [0x00000000e9a80000,0x00000000eb2fe6d8,0x00000000eb300000)
  to   space 30208K, 0% used [0x00000000ef780000,0x00000000ef780000,0x00000000f1500000)
 ParOldGen       total 208896K, used 41708K [0x0000000080000000, 0x000000008cc00000, 0x00000000d5580000)
  object space 208896K, 19% used [0x0000000080000000,0x00000000828bb190,0x000000008cc00000)
 Metaspace       used 83281K, capacity 88996K, committed 89240K, reserved 1126400K
  class space    used 11311K, capacity 12338K, committed 12456K, reserved 1048576K

Card table byte_map: [0x0000000012770000,0x0000000012b80000] byte_map_base: 0x0000000012370000

Marking Bits: (ParMarkBitMap*) 0x0000000065c3f030
 Begin Bits: [0x0000000013830000, 0x0000000015830000)
 End Bits:   [0x0000000015830000, 0x0000000017830000)

Polling page: 0x0000000001310000

CodeCache: size=245760Kb used=29918Kb max_used=29918Kb free=215841Kb
 bounds [0x00000000033b0000, 0x0000000005110000, 0x00000000123b0000]
 total_blobs=10055 nmethods=9208 adapters=754
 compilation: enabled

Compilation events (10 events):
Event: 14.453 Thread 0x0000000019d24800 10520       3       java.io.ObjectOutputStream::isCustomSubclass (21 bytes)
Event: 14.454 Thread 0x0000000019d24800 nmethod 10520 0x00000000050e70d0 code [0x00000000050e7340, 0x00000000050e8798]
Event: 14.454 Thread 0x0000000019d24800 10522       1       org.gradle.api.internal.tasks.properties.AbstractPropertySpec::getPropertyName (5 bytes)
Event: 14.455 Thread 0x0000000019d24800 nmethod 10522 0x00000000050be910 code [0x00000000050bea60, 0x00000000050beb70]
Event: 14.455 Thread 0x0000000019d24800 10523       3       com.google.common.cache.LocalCache$2::iterator (7 bytes)
Event: 14.456 Thread 0x0000000019d24800 nmethod 10523 0x00000000050e9150 code [0x00000000050e9340, 0x00000000050e9ce8]
Event: 14.459 Thread 0x0000000019d23000 nmethod 10026 0x00000000050ea2d0 code [0x00000000050ea8c0, 0x00000000050f14e0]
Event: 14.459 Thread 0x0000000019d23000 10511       4       java.util.concurrent.locks.ReentrantLock::isHeldByCurrentThread (8 bytes)
Event: 14.460 Thread 0x0000000019d23000 nmethod 10511 0x0000000004a7a650 code [0x0000000004a7a780, 0x0000000004a7a818]
Event: 14.460 Thread 0x0000000019d23000 10498       4       com.google.common.collect.ImmutableSortedMap$1EntrySet$1::get (39 bytes)

GC Heap History (10 events):
Event: 2.620 GC heap before
{Heap before GC invocations=8 (full 2):
 PSYoungGen      total 235008K, used 10270K [0x00000000d5580000, 0x00000000e4b80000, 0x0000000100000000)
  eden space 221184K, 0% used [0x00000000d5580000,0x00000000d5580000,0x00000000e2d80000)
  from space 13824K, 74% used [0x00000000e3e00000,0x00000000e48078d8,0x00000000e4b80000)
  to   space 15360K, 0% used [0x00000000e2d80000,0x00000000e2d80000,0x00000000e3c80000)
 ParOldGen       total 92672K, used 10633K [0x0000000080000000, 0x0000000085a80000, 0x00000000d5580000)
  object space 92672K, 11% used [0x0000000080000000,0x0000000080a624b0,0x0000000085a80000)
 Metaspace       used 34404K, capacity 35438K, committed 35496K, reserved 1079296K
  class space    used 4686K, capacity 4980K, committed 5032K, reserved 1048576K
Event: 2.652 GC heap after
Heap after GC invocations=8 (full 2):
 PSYoungGen      total 235008K, used 0K [0x00000000d5580000, 0x00000000e4b80000, 0x0000000100000000)
  eden space 221184K, 0% used [0x00000000d5580000,0x00000000d5580000,0x00000000e2d80000)
  from space 13824K, 0% used [0x00000000e3e00000,0x00000000e3e00000,0x00000000e4b80000)
  to   space 15360K, 0% used [0x00000000e2d80000,0x00000000e2d80000,0x00000000e3c80000)
 ParOldGen       total 139264K, used 17481K [0x0000000080000000, 0x0000000088800000, 0x00000000d5580000)
  object space 139264K, 12% used [0x0000000080000000,0x0000000081112770,0x0000000088800000)
 Metaspace       used 34404K, capacity 35438K, committed 35496K, reserved 1079296K
  class space    used 4686K, capacity 4980K, committed 5032K, reserved 1048576K
}
Event: 3.987 GC heap before
{Heap before GC invocations=9 (full 2):
 PSYoungGen      total 235008K, used 221184K [0x00000000d5580000, 0x00000000e4b80000, 0x0000000100000000)
  eden space 221184K, 100% used [0x00000000d5580000,0x00000000e2d80000,0x00000000e2d80000)
  from space 13824K, 0% used [0x00000000e3e00000,0x00000000e3e00000,0x00000000e4b80000)
  to   space 15360K, 0% used [0x00000000e2d80000,0x00000000e2d80000,0x00000000e3c80000)
 ParOldGen       total 139264K, used 17481K [0x0000000080000000, 0x0000000088800000, 0x00000000d5580000)
  object space 139264K, 12% used [0x0000000080000000,0x0000000081112770,0x0000000088800000)
 Metaspace       used 50280K, capacity 52288K, committed 52520K, reserved 1095680K
  class space    used 6721K, capacity 7153K, committed 7208K, reserved 1048576K
Event: 3.999 GC heap after
Heap after GC invocations=9 (full 2):
 PSYoungGen      total 236544K, used 15343K [0x00000000d5580000, 0x00000000ec780000, 0x0000000100000000)
  eden space 221184K, 0% used [0x00000000d5580000,0x00000000d5580000,0x00000000e2d80000)
  from space 15360K, 99% used [0x00000000e2d80000,0x00000000e3c7bc60,0x00000000e3c80000)
  to   space 20992K, 0% used [0x00000000eb300000,0x00000000eb300000,0x00000000ec780000)
 ParOldGen       total 139264K, used 25166K [0x0000000080000000, 0x0000000088800000, 0x00000000d5580000)
  object space 139264K, 18% used [0x0000000080000000,0x0000000081893aa8,0x0000000088800000)
 Metaspace       used 50280K, capacity 52288K, committed 52520K, reserved 1095680K
  class space    used 6721K, capacity 7153K, committed 7208K, reserved 1048576K
}
Event: 4.562 GC heap before
{Heap before GC invocations=10 (full 2):
 PSYoungGen      total 236544K, used 107923K [0x00000000d5580000, 0x00000000ec780000, 0x0000000100000000)
  eden space 221184K, 41% used [0x00000000d5580000,0x00000000dafe92a0,0x00000000e2d80000)
  from space 15360K, 99% used [0x00000000e2d80000,0x00000000e3c7bc60,0x00000000e3c80000)
  to   space 20992K, 0% used [0x00000000eb300000,0x00000000eb300000,0x00000000ec780000)
 ParOldGen       total 139264K, used 25166K [0x0000000080000000, 0x0000000088800000, 0x00000000d5580000)
  object space 139264K, 18% used [0x0000000080000000,0x0000000081893aa8,0x0000000088800000)
 Metaspace       used 56873K, capacity 59058K, committed 59160K, reserved 1099776K
  class space    used 7707K, capacity 8165K, committed 8232K, reserved 1048576K
Event: 4.574 GC heap after
Heap after GC invocations=10 (full 2):
 PSYoungGen      total 353792K, used 20980K [0x00000000d5580000, 0x00000000ecd80000, 0x0000000100000000)
  eden space 332800K, 0% used [0x00000000d5580000,0x00000000d5580000,0x00000000e9a80000)
  from space 20992K, 99% used [0x00000000eb300000,0x00000000ec77d170,0x00000000ec780000)
  to   space 25088K, 0% used [0x00000000e9a80000,0x00000000e9a80000,0x00000000eb300000)
 ParOldGen       total 139264K, used 27226K [0x0000000080000000, 0x0000000088800000, 0x00000000d5580000)
  object space 139264K, 19% used [0x0000000080000000,0x0000000081a96908,0x0000000088800000)
 Metaspace       used 56873K, capacity 59058K, committed 59160K, reserved 1099776K
  class space    used 7707K, capacity 8165K, committed 8232K, reserved 1048576K
}
Event: 4.574 GC heap before
{Heap before GC invocations=11 (full 3):
 PSYoungGen      total 353792K, used 20980K [0x00000000d5580000, 0x00000000ecd80000, 0x0000000100000000)
  eden space 332800K, 0% used [0x00000000d5580000,0x00000000d5580000,0x00000000e9a80000)
  from space 20992K, 99% used [0x00000000eb300000,0x00000000ec77d170,0x00000000ec780000)
  to   space 25088K, 0% used [0x00000000e9a80000,0x00000000e9a80000,0x00000000eb300000)
 ParOldGen       total 139264K, used 27226K [0x0000000080000000, 0x0000000088800000, 0x00000000d5580000)
  object space 139264K, 19% used [0x0000000080000000,0x0000000081a96908,0x0000000088800000)
 Metaspace       used 56873K, capacity 59058K, committed 59160K, reserved 1099776K
  class space    used 7707K, capacity 8165K, committed 8232K, reserved 1048576K
Event: 4.736 GC heap after
Heap after GC invocations=11 (full 3):
 PSYoungGen      total 353792K, used 0K [0x00000000d5580000, 0x00000000ecd80000, 0x0000000100000000)
  eden space 332800K, 0% used [0x00000000d5580000,0x00000000d5580000,0x00000000e9a80000)
  from space 20992K, 0% used [0x00000000eb300000,0x00000000eb300000,0x00000000ec780000)
  to   space 25088K, 0% used [0x00000000e9a80000,0x00000000e9a80000,0x00000000eb300000)
 ParOldGen       total 208896K, used 38003K [0x0000000080000000, 0x000000008cc00000, 0x00000000d5580000)
  object space 208896K, 18% used [0x0000000080000000,0x000000008251cda0,0x000000008cc00000)
 Metaspace       used 56830K, capacity 58914K, committed 59160K, reserved 1099776K
  class space    used 7694K, capacity 8141K, committed 8232K, reserved 1048576K
}
Event: 6.375 GC heap before
{Heap before GC invocations=12 (full 3):
 PSYoungGen      total 353792K, used 332800K [0x00000000d5580000, 0x00000000ecd80000, 0x0000000100000000)
  eden space 332800K, 100% used [0x00000000d5580000,0x00000000e9a80000,0x00000000e9a80000)
  from space 20992K, 0% used [0x00000000eb300000,0x00000000eb300000,0x00000000ec780000)
  to   space 25088K, 0% used [0x00000000e9a80000,0x00000000e9a80000,0x00000000eb300000)
 ParOldGen       total 208896K, used 38003K [0x0000000080000000, 0x000000008cc00000, 0x00000000d5580000)
  object space 208896K, 18% used [0x0000000080000000,0x000000008251cda0,0x000000008cc00000)
 Metaspace       used 73310K, capacity 77848K, committed 78104K, reserved 1116160K
  class space    used 10224K, capacity 10991K, committed 11048K, reserved 1048576K
Event: 6.390 GC heap after
Heap after GC invocations=12 (full 3):
 PSYoungGen      total 357888K, used 25081K [0x00000000d5580000, 0x00000000f1500000, 0x0000000100000000)
  eden space 332800K, 0% used [0x00000000d5580000,0x00000000d5580000,0x00000000e9a80000)
  from space 25088K, 99% used [0x00000000e9a80000,0x00000000eb2fe6d8,0x00000000eb300000)
  to   space 30208K, 0% used [0x00000000ef780000,0x00000000ef780000,0x00000000f1500000)
 ParOldGen       total 208896K, used 41708K [0x0000000080000000, 0x000000008cc00000, 0x00000000d5580000)
  object space 208896K, 19% used [0x0000000080000000,0x00000000828bb190,0x000000008cc00000)
 Metaspace       used 73310K, capacity 77848K, committed 78104K, reserved 1116160K
  class space    used 10224K, capacity 10991K, committed 11048K, reserved 1048576K
}

Deoptimization events (10 events):
Event: 14.296 Thread 0x0000000023720000 Uncommon trap: reason=null_check action=make_not_entrant pc=0x000000000405b12c method=org.gradle.tooling.internal.provider.runner.SubtreeFilteringBuildOperationListener.started(Lorg/gradle/internal/operations/BuildOperationDescriptor;Lorg/gradle/internal/
Event: 14.302 Thread 0x000000002371c800 Uncommon trap: reason=unstable_if action=reinterpret pc=0x0000000004cb0048 method=java.util.concurrent.ConcurrentLinkedQueue.offer(Ljava/lang/Object;)Z @ 40
Event: 14.302 Thread 0x000000002371c800 Uncommon trap: reason=unstable_if action=reinterpret pc=0x000000000485bc3c method=java.util.concurrent.ConcurrentLinkedQueue.poll()Ljava/lang/Object; @ 25
Event: 14.302 Thread 0x0000000023723000 Uncommon trap: reason=unstable_if action=reinterpret pc=0x000000000409e420 method=java.util.concurrent.ConcurrentLinkedQueue.updateHead(Ljava/util/concurrent/ConcurrentLinkedQueue$Node;Ljava/util/concurrent/ConcurrentLinkedQueue$Node;)V @ 11
Event: 14.357 Thread 0x000000001de7c000 Uncommon trap: reason=unstable_if action=reinterpret pc=0x0000000004e7e864 method=org.gradle.cache.internal.btree.BlockPointer.isNull()Z @ 6
Event: 14.398 Thread 0x0000000023725800 Uncommon trap: reason=predicate action=maybe_recompile pc=0x0000000003aa6b00 method=java.util.Collections.indexedBinarySearch(Ljava/util/List;Ljava/lang/Object;)I @ 16
Event: 14.408 Thread 0x000000001d687800 Uncommon trap: reason=bimorphic action=maybe_recompile pc=0x0000000004cb4788 method=com.google.common.collect.NaturalOrdering.compare(Ljava/lang/Comparable;Ljava/lang/Comparable;)I @ 12
Event: 14.408 Thread 0x000000001d687800 Uncommon trap: reason=bimorphic action=maybe_recompile pc=0x0000000004cb4788 method=com.google.common.collect.NaturalOrdering.compare(Ljava/lang/Comparable;Ljava/lang/Comparable;)I @ 12
Event: 14.408 Thread 0x000000001d687800 Uncommon trap: reason=bimorphic action=maybe_recompile pc=0x0000000004cb4788 method=com.google.common.collect.NaturalOrdering.compare(Ljava/lang/Comparable;Ljava/lang/Comparable;)I @ 12
Event: 14.408 Thread 0x000000001d687800 Uncommon trap: reason=bimorphic action=maybe_recompile pc=0x0000000004cb4788 method=com.google.common.collect.NaturalOrdering.compare(Ljava/lang/Comparable;Ljava/lang/Comparable;)I @ 12

Classes redefined (0 events):
No events

Internal exceptions (10 events):
Event: 14.077 Thread 0x00000000214b0800 Exception <a 'java/lang/NoSuchMethodError': <clinit>> (0x00000000df2ee898) thrown at [C:\src\AOSP-openjdk-git\hotspot\src\share\vm\prims\jni.cpp, line 1615]
Event: 14.077 Thread 0x00000000214b0800 Exception <a 'java/lang/NoSuchMethodError': <clinit>> (0x00000000df2efdd0) thrown at [C:\src\AOSP-openjdk-git\hotspot\src\share\vm\prims\jni.cpp, line 1615]
Event: 14.077 Thread 0x00000000214b0800 Exception <a 'java/lang/NoSuchMethodError': <clinit>> (0x00000000df2f16c8) thrown at [C:\src\AOSP-openjdk-git\hotspot\src\share\vm\prims\jni.cpp, line 1615]
Event: 14.077 Thread 0x00000000214b0800 Exception <a 'java/lang/NoSuchMethodError': <clinit>> (0x00000000df2faa68) thrown at [C:\src\AOSP-openjdk-git\hotspot\src\share\vm\prims\jni.cpp, line 1615]
Event: 14.077 Thread 0x00000000214b0800 Exception <a 'java/lang/NoSuchMethodError': <clinit>> (0x00000000df305928) thrown at [C:\src\AOSP-openjdk-git\hotspot\src\share\vm\prims\jni.cpp, line 1615]
Event: 14.079 Thread 0x00000000214b0800 Exception <a 'java/lang/NoSuchMethodError': <clinit>> (0x00000000df318ca8) thrown at [C:\src\AOSP-openjdk-git\hotspot\src\share\vm\prims\jni.cpp, line 1615]
Event: 14.296 Thread 0x000000002371e000 Implicit null exception at 0x000000000405a7c3 to 0x000000000405b105
Event: 14.296 Thread 0x0000000023720000 Implicit null exception at 0x000000000405a7c3 to 0x000000000405b105
Event: 14.296 Thread 0x000000002371c800 Implicit null exception at 0x000000000405a7c3 to 0x000000000405b105
Event: 14.411 Thread 0x00000000214b0800 Exception <a 'java/lang/NoSuchMethodError': <clinit>> (0x00000000e44858c8) thrown at [C:\src\AOSP-openjdk-git\hotspot\src\share\vm\prims\jni.cpp, line 1615]

Events (10 events):
Event: 14.443 Executing VM operation: RevokeBias
Event: 14.443 Executing VM operation: RevokeBias done
Event: 14.445 Executing VM operation: RevokeBias
Event: 14.445 Executing VM operation: RevokeBias done
Event: 14.445 Executing VM operation: RevokeBias
Event: 14.445 Executing VM operation: RevokeBias done
Event: 14.445 Executing VM operation: RevokeBias
Event: 14.445 Executing VM operation: RevokeBias done
Event: 14.445 Executing VM operation: RevokeBias
Event: 14.445 Executing VM operation: RevokeBias done


Dynamic libraries:
0x00007ff6929c0000 - 0x00007ff6929f1000 	C:\Program Files\Android\Android Studio\jre\bin\java.exe
0x00007ffbfe2f0000 - 0x00007ffbfe4e5000 	C:\Windows\SYSTEM32\ntdll.dll
0x00007ffbfe190000 - 0x00007ffbfe24d000 	C:\Windows\System32\KERNEL32.DLL
0x00007ffbfbf80000 - 0x00007ffbfc247000 	C:\Windows\System32\KERNELBASE.dll
0x00007ffbfd1b0000 - 0x00007ffbfd25a000 	C:\Windows\System32\ADVAPI32.dll
0x00007ffbfd100000 - 0x00007ffbfd19e000 	C:\Windows\System32\msvcrt.dll
0x00007ffbfcfd0000 - 0x00007ffbfd06b000 	C:\Windows\System32\sechost.dll
0x00007ffbfc5a0000 - 0x00007ffbfc6c3000 	C:\Windows\System32\RPCRT4.dll
0x00007ffbfd260000 - 0x00007ffbfd400000 	C:\Windows\System32\USER32.dll
0x00007ffbfbd60000 - 0x00007ffbfbd82000 	C:\Windows\System32\win32u.dll
0x00007ffbfe0b0000 - 0x00007ffbfe0da000 	C:\Windows\System32\GDI32.dll
0x00007ffbfc250000 - 0x00007ffbfc35a000 	C:\Windows\System32\gdi32full.dll
0x00007ffbfbd90000 - 0x00007ffbfbe2d000 	C:\Windows\System32\msvcp_win.dll
0x00007ffbfbe80000 - 0x00007ffbfbf80000 	C:\Windows\System32\ucrtbase.dll
0x00007ffbed2c0000 - 0x00007ffbed55a000 	C:\Windows\WinSxS\amd64_microsoft.windows.common-controls_6595b64144ccf1df_6.0.19041.1_none_b555e41d4684ddec\COMCTL32.dll
0x00007ffbfd620000 - 0x00007ffbfd650000 	C:\Windows\System32\IMM32.DLL
0x00000000652b0000 - 0x0000000065382000 	C:\Program Files\Android\Android Studio\jre\jre\bin\msvcr100.dll
0x0000000065470000 - 0x0000000065cbb000 	C:\Program Files\Android\Android Studio\jre\jre\bin\server\jvm.dll
0x00007ffbfd1a0000 - 0x00007ffbfd1a8000 	C:\Windows\System32\PSAPI.DLL
0x00007ffbf8dc0000 - 0x00007ffbf8dc9000 	C:\Windows\SYSTEM32\WSOCK32.dll
0x00007ffbfd5b0000 - 0x00007ffbfd61b000 	C:\Windows\System32\WS2_32.dll
0x00007ffbf4510000 - 0x00007ffbf4537000 	C:\Windows\SYSTEM32\WINMM.dll
0x00007ffbf5620000 - 0x00007ffbf562a000 	C:\Windows\SYSTEM32\VERSION.dll
0x00007ffbf8d40000 - 0x00007ffbf8d4f000 	C:\Program Files\Android\Android Studio\jre\jre\bin\verify.dll
0x00007ffbec890000 - 0x00007ffbec8b9000 	C:\Program Files\Android\Android Studio\jre\jre\bin\java.dll
0x00007ffbec870000 - 0x00007ffbec886000 	C:\Program Files\Android\Android Studio\jre\jre\bin\zip.dll
0x00007ffbfd910000 - 0x00007ffbfe050000 	C:\Windows\System32\SHELL32.dll
0x00007ffbf9be0000 - 0x00007ffbfa371000 	C:\Windows\SYSTEM32\windows.storage.dll
0x00007ffbfc800000 - 0x00007ffbfcb53000 	C:\Windows\System32\combase.dll
0x00007ffbfb450000 - 0x00007ffbfb47c000 	C:\Windows\SYSTEM32\Wldp.dll
0x00007ffbfd860000 - 0x00007ffbfd90e000 	C:\Windows\System32\SHCORE.dll
0x00007ffbfe250000 - 0x00007ffbfe2a5000 	C:\Windows\System32\shlwapi.dll
0x00007ffbfb980000 - 0x00007ffbfb99f000 	C:\Windows\SYSTEM32\profapi.dll
0x00007ffbec850000 - 0x00007ffbec86a000 	C:\Program Files\Android\Android Studio\jre\jre\bin\net.dll
0x00007ffbfb170000 - 0x00007ffbfb1da000 	C:\Windows\system32\mswsock.dll
0x00007ffbec760000 - 0x00007ffbec773000 	C:\Program Files\Android\Android Studio\jre\jre\bin\nio.dll
0x00007ffbdfb30000 - 0x00007ffbdfb56000 	C:\Users\Facundo\.gradle\native\31\windows-amd64\native-platform.dll
0x00007ffbf69b0000 - 0x00007ffbf69bd000 	C:\Program Files\Android\Android Studio\jre\jre\bin\management.dll
0x00007ffbfb340000 - 0x00007ffbfb358000 	C:\Windows\SYSTEM32\CRYPTSP.dll
0x00007ffbfab00000 - 0x00007ffbfab34000 	C:\Windows\system32\rsaenh.dll
0x00007ffbfbd30000 - 0x00007ffbfbd57000 	C:\Windows\System32\bcrypt.dll
0x00007ffbfb940000 - 0x00007ffbfb96e000 	C:\Windows\SYSTEM32\USERENV.dll
0x00007ffbfbaf0000 - 0x00007ffbfbb6f000 	C:\Windows\System32\bcryptprimitives.dll
0x00007ffbfb360000 - 0x00007ffbfb36c000 	C:\Windows\SYSTEM32\CRYPTBASE.dll
0x00007ffbfae60000 - 0x00007ffbfae9b000 	C:\Windows\SYSTEM32\IPHLPAPI.DLL
0x00007ffbfd850000 - 0x00007ffbfd859000 	C:\Windows\System32\NSI.dll
0x00007ffbf5850000 - 0x00007ffbf5867000 	C:\Windows\SYSTEM32\dhcpcsvc6.DLL
0x00007ffbf5830000 - 0x00007ffbf584d000 	C:\Windows\SYSTEM32\dhcpcsvc.DLL
0x00007ffbfaea0000 - 0x00007ffbfaf6a000 	C:\Windows\SYSTEM32\DNSAPI.dll
0x00007ffbf59a0000 - 0x00007ffbf5b84000 	C:\Windows\SYSTEM32\dbghelp.dll

VM Arguments:
jvm_args: -Xmx2048m -Dfile.encoding=windows-1252 -Duser.country=AR -Duser.language=es -Duser.variant 
java_command: org.gradle.launcher.daemon.bootstrap.GradleDaemon 6.1.1
java_class_path (initial): C:\Users\Facundo\.gradle\wrapper\dists\gradle-6.1.1-all\cfmwm155h49vnt3hynmlrsdst\gradle-6.1.1\lib\gradle-launcher-6.1.1.jar
Launcher Type: SUN_STANDARD

Environment Variables:
PATH=C:\Python38\Scripts\;C:\Python38\;C:\Windows\system32;C:\Windows;C:\Windows\System32\Wbem;C:\Windows\System32\WindowsPowerShell\v1.0\;C:\Windows\System32\OpenSSH\;C:\Program Files\Git\cmd;C:\Program Files\nodejs\;C:\ProgramData\chocolatey\bin;C:\Users\Facundo\AppData\Local\Microsoft\WindowsApps;C:\Program Files\Microsoft VS Code\bin;C:\Users\Facundo\AppData\Roaming\npm;C:\Users\Facundo\AppData\Local\GitHubDesktop\bin
USERNAME=Facundo
OS=Windows_NT
PROCESSOR_IDENTIFIER=AMD64 Family 23 Model 8 Stepping 2, AuthenticAMD



---------------  S Y S T E M  ---------------

OS: Windows 10.0 , 64 bit Build 19041 (10.0.19041.292)

CPU:total 12 (initial active 12) (12 cores per cpu, 1 threads per core) family 23 model 8 stepping 2, cmov, cx8, fxsr, mmx, sse, sse2, sse3, ssse3, sse4.1, sse4.2, popcnt, avx, avx2, aes, clmul, mmxext, 3dnowpref, lzcnt, sse4a, tsc, tscinvbit, tscinv, bmi1

Memory: 4k page, physical 16724564k(9741280k free), swap 21967444k(10782612k free)

vm_info: OpenJDK 64-Bit Server VM (25.242-b01) for windows-amd64 JRE (1.8.0_242-release-1644-b01), built by "builder" with MS VC++ 10.0 (VS2010)

time: Sat Sep 05 19:08:49 2020
timezone: Hora estándar de Argentina
elapsed time: 14 seconds (0d 0h 0m 14s)

